<?xml version="1.0" encoding="UTF-8"?>
<!-- Generated by org.testng.reporters.JUnitReportReporter -->
<testsuite hostname="MSNA" failures="0" tests="1" name="com.pom.hrm.testcases.HRM_LoginTests" time="44.551" errors="0" timestamp="2024-09-25T16:08:54 IST" skipped="0">
  <testcase classname="com.pom.hrm.testcases.HRM_LoginTests" name="testLogin" time="44.551"/>
</testsuite> <!-- com.pom.hrm.testcases.HRM_LoginTests -->
